<?xml version="1.0" encoding="UTF-8"?>
<!-- Generated by org.testng.reporters.JUnitXMLReporter -->
<testsuite hostname="Tims-MacBook-Pro.local" name="Command line test" tests="1" failures="1" timestamp="22 Jul 2021 04:11:08 GMT" time="10.696" errors="0">
  <testcase name="feature" time="7.625" classname="Tests.LoginTest">
    <failure type="cucumber.runtime.CucumberException" message="org.openqa.selenium.NoSuchElementException: An element could not be located on the page using the given search parameters. (WARNING: The server did not provide any stacktrace information)
Command duration or timeout: 6.02 seconds
For documentation on this error, please visit: http://seleniumhq.org/exceptions/no_such_element.html
Build info: version: &amp;apos;2.53.1&amp;apos;, revision: &amp;apos;a36b8b1cd5757287168e54b817830adce9b0158d&amp;apos;, time: &amp;apos;2016-06-30 19:26:09&amp;apos;
System info: host: &amp;apos;Tims-MacBook-Pro.local&amp;apos;, ip: &amp;apos;127.0.0.1&amp;apos;, os.name: &amp;apos;Mac OS X&amp;apos;, os.arch: &amp;apos;x86_64&amp;apos;, os.version: &amp;apos;10.16&amp;apos;, java.version: &amp;apos;1.8.0_241&amp;apos;
Driver info: io.appium.java_client.android.AndroidDriver
Capabilities [{appPackage=au.gov.ato.mygovid.droid.integration, statBarHeight=84, noReset=false, viewportRect={top=84, left=0, width=1440, height=2628}, deviceName=emulator-5554, fullReset=false, platform=LINUX, deviceUDID=emulator-5554, desired={appPackage=au.gov.ato.mygovid.droid.integration, appActivity=au.gov.ato.myGovID.LaunchActivity, noReset=false, platformVersion=11.0, automationName=UIAutomator2, platformName=Android, deviceName=emulator-5554, fullReset=false}, platformVersion=11, webStorageEnabled=false, automationName=UIAutomator2, takesScreenshot=true, javascriptEnabled=true, platformName=Android, deviceApiLevel=30, deviceManufacturer=Google, deviceScreenSize=1440x2880, networkConnectionEnabled=true, warnings={}, databaseEnabled=false, appActivity=au.gov.ato.myGovID.LaunchActivity, pixelRatio=3.5, locationContextEnabled=false, deviceScreenDensity=560, deviceModel=sdk_gphone_x86_arm}]
Session ID: c73d3433-f57c-48a1-971e-0c3ac10cd823
*** Element info: {Using=id, value=Alt Message}">
      <![CDATA[cucumber.runtime.CucumberException: org.openqa.selenium.NoSuchElementException: An element could not be located on the page using the given search parameters. (WARNING: The server did not provide any stacktrace information)
Command duration or timeout: 6.02 seconds
For documentation on this error, please visit: http://seleniumhq.org/exceptions/no_such_element.html
Build info: version: '2.53.1', revision: 'a36b8b1cd5757287168e54b817830adce9b0158d', time: '2016-06-30 19:26:09'
System info: host: 'Tims-MacBook-Pro.local', ip: '127.0.0.1', os.name: 'Mac OS X', os.arch: 'x86_64', os.version: '10.16', java.version: '1.8.0_241'
Driver info: io.appium.java_client.android.AndroidDriver
Capabilities [{appPackage=au.gov.ato.mygovid.droid.integration, statBarHeight=84, noReset=false, viewportRect={top=84, left=0, width=1440, height=2628}, deviceName=emulator-5554, fullReset=false, platform=LINUX, deviceUDID=emulator-5554, desired={appPackage=au.gov.ato.mygovid.droid.integration, appActivity=au.gov.ato.myGovID.LaunchActivity, noReset=false, platformVersion=11.0, automationName=UIAutomator2, platformName=Android, deviceName=emulator-5554, fullReset=false}, platformVersion=11, webStorageEnabled=false, automationName=UIAutomator2, takesScreenshot=true, javascriptEnabled=true, platformName=Android, deviceApiLevel=30, deviceManufacturer=Google, deviceScreenSize=1440x2880, networkConnectionEnabled=true, warnings={}, databaseEnabled=false, appActivity=au.gov.ato.myGovID.LaunchActivity, pixelRatio=3.5, locationContextEnabled=false, deviceScreenDensity=560, deviceModel=sdk_gphone_x86_arm}]
Session ID: c73d3433-f57c-48a1-971e-0c3ac10cd823
*** Element info: {Using=id, value=Alt Message}
	at cucumber.api.testng.TestNGCucumberRunner.runCucumber(TestNGCucumberRunner.java:69)
	at cucumber.api.testng.AbstractTestNGCucumberTests.feature(AbstractTestNGCucumberTests.java:21)
Caused by: org.openqa.selenium.NoSuchElementException: An element could not be located on the page using the given search parameters. (WARNING: The server did not provide any stacktrace information)
Command duration or timeout: 6.02 seconds
For documentation on this error, please visit: http://seleniumhq.org/exceptions/no_such_element.html
Build info: version: '2.53.1', revision: 'a36b8b1cd5757287168e54b817830adce9b0158d', time: '2016-06-30 19:26:09'
System info: host: 'Tims-MacBook-Pro.local', ip: '127.0.0.1', os.name: 'Mac OS X', os.arch: 'x86_64', os.version: '10.16', java.version: '1.8.0_241'
Driver info: io.appium.java_client.android.AndroidDriver
Capabilities [{appPackage=au.gov.ato.mygovid.droid.integration, statBarHeight=84, noReset=false, viewportRect={top=84, left=0, width=1440, height=2628}, deviceName=emulator-5554, fullReset=false, platform=LINUX, deviceUDID=emulator-5554, desired={appPackage=au.gov.ato.mygovid.droid.integration, appActivity=au.gov.ato.myGovID.LaunchActivity, noReset=false, platformVersion=11.0, automationName=UIAutomator2, platformName=Android, deviceName=emulator-5554, fullReset=false}, platformVersion=11, webStorageEnabled=false, automationName=UIAutomator2, takesScreenshot=true, javascriptEnabled=true, platformName=Android, deviceApiLevel=30, deviceManufacturer=Google, deviceScreenSize=1440x2880, networkConnectionEnabled=true, warnings={}, databaseEnabled=false, appActivity=au.gov.ato.myGovID.LaunchActivity, pixelRatio=3.5, locationContextEnabled=false, deviceScreenDensity=560, deviceModel=sdk_gphone_x86_arm}]
Session ID: c73d3433-f57c-48a1-971e-0c3ac10cd823
*** Element info: {Using=id, value=Alt Message}
	at org.openqa.selenium.remote.ErrorHandler.createThrowable(ErrorHandler.java:206)
	at org.openqa.selenium.remote.ErrorHandler.throwIfResponseFailed(ErrorHandler.java:158)
	at org.openqa.selenium.remote.RemoteWebDriver.execute(RemoteWebDriver.java:678)
	at io.appium.java_client.DefaultGenericMobileDriver.execute(DefaultGenericMobileDriver.java:40)
	at io.appium.java_client.AppiumDriver.execute(AppiumDriver.java:1)
	at io.appium.java_client.android.AndroidDriver.execute(AndroidDriver.java:1)
	at org.openqa.selenium.remote.RemoteWebDriver.findElement(RemoteWebDriver.java:363)
	at io.appium.java_client.DefaultGenericMobileDriver.findElement(DefaultGenericMobileDriver.java:56)
	at io.appium.java_client.AppiumDriver.findElement(AppiumDriver.java:1)
	at io.appium.java_client.android.AndroidDriver.findElement(AndroidDriver.java:1)
	at org.openqa.selenium.remote.RemoteWebDriver.findElementById(RemoteWebDriver.java:413)
	at io.appium.java_client.DefaultGenericMobileDriver.findElementById(DefaultGenericMobileDriver.java:64)
	at io.appium.java_client.AppiumDriver.findElementById(AppiumDriver.java:1)
	at io.appium.java_client.android.AndroidDriver.findElementById(AndroidDriver.java:1)
	at Pages.LoginPage.getMessage(LoginPage.java:75)
	at Tests.LoginTest.loginFail(LoginTest.java:81)
	at ✽.Given username is bad(LoginTest/LoginTest.feature:8)
... Removed 38 stack frames]]>
    </failure>
  </testcase> <!-- feature -->
</testsuite> <!-- Command line test -->
